<?xml version="1.0" encoding="UTF-8"?>
<testng-results skipped="0" failed="0" ignored="0" total="1" passed="1">
  <reporter-output>
  </reporter-output>
  <suite name="Default suite" duration-ms="14540" started-at="2021-04-09T09:27:23 EDT" finished-at="2021-04-09T09:27:38 EDT">
    <groups>
    </groups>
    <test name="Default test" duration-ms="14540" started-at="2021-04-09T09:27:23 EDT" finished-at="2021-04-09T09:27:38 EDT">
      <class name="test.OutLookTest">
        <test-method status="PASS" signature="setUp()[pri:0, instance:test.OutLookTest@167fdd33]" name="setUp" duration-ms="14525" started-at="2021-04-09T09:27:23 EDT" finished-at="2021-04-09T09:27:38 EDT">
          <reporter-output>
          </reporter-output>
        </test-method> <!-- setUp -->
      </class> <!-- test.OutLookTest -->
    </test> <!-- Default test -->
  </suite> <!-- Default suite -->
</testng-results>
